  Cable.cpp
  Bungee.cpp
  AnchoredSpring.cpp
  ContactResolver.cpp
  DragForceGenerator.cpp
  GravityForceGenerator.cpp
  ForceRegistry.cpp
C:\Users\Mathieu Marc Pobre\Documents\GitHub\GDPHYSX\GDPHYSX-SetUp\GDPHYSX-SetUp\P6\GravityForceGenerator.h(12,35): warning C4305: 'argument': truncation from 'double' to 'const float'
  (compiling source file 'P6/GravityForceGenerator.cpp')
  
  ForceGenerator.cpp
  GDPHYSX-SetUp.cpp
C:\Users\Mathieu Marc Pobre\Documents\GitHub\GDPHYSX\GDPHYSX-SetUp\GDPHYSX-SetUp\P6\GravityForceGenerator.h(12,35): warning C4305: 'argument': truncation from 'double' to 'const float'
  (compiling source file 'GDPHYSX-SetUp.cpp')
  
C:\Users\Mathieu Marc Pobre\Documents\GitHub\GDPHYSX\GDPHYSX-SetUp\GDPHYSX-SetUp\P6\PhysicsWorld.h(37,70): warning C4305: 'argument': truncation from 'double' to 'const float'
  (compiling source file 'GDPHYSX-SetUp.cpp')
  
C:\Users\Mathieu Marc Pobre\Documents\GitHub\GDPHYSX\GDPHYSX-SetUp\GDPHYSX-SetUp\GDPHYSX-SetUp.cpp(265,18): warning C4244: '=': conversion from 'int' to 'float', possible loss of data
C:\Users\Mathieu Marc Pobre\Documents\GitHub\GDPHYSX\GDPHYSX-SetUp\GDPHYSX-SetUp\GDPHYSX-SetUp.cpp(272,18): warning C4244: '=': conversion from 'int' to 'float', possible loss of data
C:\Users\Mathieu Marc Pobre\Documents\GitHub\GDPHYSX\GDPHYSX-SetUp\GDPHYSX-SetUp\GDPHYSX-SetUp.cpp(279,18): warning C4244: '=': conversion from 'int' to 'float', possible loss of data
C:\Users\Mathieu Marc Pobre\Documents\GitHub\GDPHYSX\GDPHYSX-SetUp\GDPHYSX-SetUp\GDPHYSX-SetUp.cpp(286,18): warning C4244: '=': conversion from 'int' to 'float', possible loss of data
C:\Users\Mathieu Marc Pobre\Documents\GitHub\GDPHYSX\GDPHYSX-SetUp\GDPHYSX-SetUp\GDPHYSX-SetUp.cpp(293,18): warning C4244: '=': conversion from 'int' to 'float', possible loss of data
C:\Users\Mathieu Marc Pobre\Documents\GitHub\GDPHYSX\GDPHYSX-SetUp\GDPHYSX-SetUp\GDPHYSX-SetUp.cpp(327,73): warning C4305: 'argument': truncation from 'double' to 'const float'
C:\Users\Mathieu Marc Pobre\Documents\GitHub\GDPHYSX\GDPHYSX-SetUp\GDPHYSX-SetUp\GDPHYSX-SetUp.cpp(329,79): warning C4305: 'argument': truncation from 'double' to 'const float'
C:\Users\Mathieu Marc Pobre\Documents\GitHub\GDPHYSX\GDPHYSX-SetUp\GDPHYSX-SetUp\GDPHYSX-SetUp.cpp(331,81): warning C4305: 'argument': truncation from 'double' to 'const float'
C:\Users\Mathieu Marc Pobre\Documents\GitHub\GDPHYSX\GDPHYSX-SetUp\GDPHYSX-SetUp\GDPHYSX-SetUp.cpp(331,76): warning C4305: 'argument': truncation from 'double' to 'const float'
C:\Users\Mathieu Marc Pobre\Documents\GitHub\GDPHYSX\GDPHYSX-SetUp\GDPHYSX-SetUp\GDPHYSX-SetUp.cpp(333,73): warning C4305: 'argument': truncation from 'double' to 'const float'
C:\Users\Mathieu Marc Pobre\Documents\GitHub\GDPHYSX\GDPHYSX-SetUp\GDPHYSX-SetUp\GDPHYSX-SetUp.cpp(335,79): warning C4305: 'argument': truncation from 'double' to 'const float'
C:\Users\Mathieu Marc Pobre\Documents\GitHub\GDPHYSX\GDPHYSX-SetUp\GDPHYSX-SetUp\GDPHYSX-SetUp.cpp(170,24): warning C4101: 'rd': unreferenced local variable
  Model3D.cpp
C:\Users\Mathieu Marc Pobre\Documents\GitHub\GDPHYSX\GDPHYSX-SetUp\GDPHYSX-SetUp\Model3D.cpp(370,67): warning C4267: 'argument': conversion from 'size_t' to 'GLsizei', possible loss of data
  P6Particles.cpp
  PhysicsWorld.cpp
C:\Users\Mathieu Marc Pobre\Documents\GitHub\GDPHYSX\GDPHYSX-SetUp\GDPHYSX-SetUp\P6\GravityForceGenerator.h(12,35): warning C4305: 'argument': truncation from 'double' to 'const float'
  (compiling source file 'P6/PhysicsWorld.cpp')
  
C:\Users\Mathieu Marc Pobre\Documents\GitHub\GDPHYSX\GDPHYSX-SetUp\GDPHYSX-SetUp\P6\PhysicsWorld.h(37,70): warning C4305: 'argument': truncation from 'double' to 'const float'
  (compiling source file 'P6/PhysicsWorld.cpp')
  
  RenderParticle.cpp
  ParticleContact.cpp
  ParticleLink.cpp
  ParticleSpring.cpp
  Rod.cpp
  RenderLine.cpp
C:\Users\Mathieu Marc Pobre\Documents\GitHub\GDPHYSX\GDPHYSX-SetUp\GDPHYSX-SetUp\RenderLine.cpp(86,53): warning C4267: 'argument': conversion from 'size_t' to 'GLsizei', possible loss of data
  Generating code
  75 of 2632 functions ( 2.8%) were compiled, the rest were copied from previous compilation.
    59 functions were new in current compilation
    122 functions had inline decision re-evaluated but remain unchanged
  Finished generating code
  GDPHYSX-SetUp.vcxproj -> C:\Users\Mathieu Marc Pobre\Documents\GitHub\GDPHYSX\GDPHYSX-SetUp\x64\Release\GDPHYSX-SetUp.exe
