c:\users\mathieu marc pobre\documents\github\gdphysx\gdphysx-setup\gdphysx-setup\x64\debug\vc143.pdb
c:\users\mathieu marc pobre\documents\github\gdphysx\gdphysx-setup\gdphysx-setup\x64\debug\vc143.idb
c:\users\mathieu marc pobre\documents\github\gdphysx\gdphysx-setup\gdphysx-setup\x64\debug\shader.obj
c:\users\mathieu marc pobre\documents\github\gdphysx\gdphysx-setup\gdphysx-setup\x64\debug\renderparticle.obj
c:\users\mathieu marc pobre\documents\github\gdphysx\gdphysx-setup\gdphysx-setup\x64\debug\physicsworld.obj
c:\users\mathieu marc pobre\documents\github\gdphysx\gdphysx-setup\gdphysx-setup\x64\debug\myvector.obj
c:\users\mathieu marc pobre\documents\github\gdphysx\gdphysx-setup\gdphysx-setup\x64\debug\p6particles.obj
c:\users\mathieu marc pobre\documents\github\gdphysx\gdphysx-setup\gdphysx-setup\x64\debug\orthocamera.obj
c:\users\mathieu marc pobre\documents\github\gdphysx\gdphysx-setup\gdphysx-setup\x64\debug\mycamera.obj
c:\users\mathieu marc pobre\documents\github\gdphysx\gdphysx-setup\gdphysx-setup\x64\debug\model3d.obj
c:\users\mathieu marc pobre\documents\github\gdphysx\gdphysx-setup\gdphysx-setup\x64\debug\glad.obj
c:\users\mathieu marc pobre\documents\github\gdphysx\gdphysx-setup\gdphysx-setup\x64\debug\gdphysx-setup.obj
c:\users\mathieu marc pobre\documents\github\gdphysx\gdphysx-setup\gdphysx-setup\x64\debug\forcegenerator.obj
c:\users\mathieu marc pobre\documents\github\gdphysx\gdphysx-setup\gdphysx-setup\x64\debug\forceregistry.obj
c:\users\mathieu marc pobre\documents\github\gdphysx\gdphysx-setup\gdphysx-setup\x64\debug\gravityforcegenerator.obj
c:\users\mathieu marc pobre\documents\github\gdphysx\gdphysx-setup\gdphysx-setup\x64\debug\dragforcegenerator.obj
c:\users\mathieu marc pobre\documents\github\gdphysx\gdphysx-setup\gdphysx-setup\x64\debug\perspectivecamera.obj
c:\users\mathieu marc pobre\documents\github\gdphysx\gdphysx-setup\gdphysx-setup\x64\debug\input.obj
c:\users\mathieu marc pobre\documents\github\gdphysx\gdphysx-setup\gdphysx-setup\x64\debug\particlecontact.obj
c:\users\mathieu marc pobre\documents\github\gdphysx\gdphysx-setup\gdphysx-setup\x64\debug\contactresolver.obj
c:\users\mathieu marc pobre\documents\github\gdphysx\gdphysx-setup\gdphysx-setup\x64\debug\rod.obj
c:\users\mathieu marc pobre\documents\github\gdphysx\gdphysx-setup\gdphysx-setup\x64\debug\anchoredspring.obj
c:\users\mathieu marc pobre\documents\github\gdphysx\gdphysx-setup\gdphysx-setup\x64\debug\particlespring.obj
c:\users\mathieu marc pobre\documents\github\gdphysx\gdphysx-setup\gdphysx-setup\x64\debug\particlelink.obj
c:\users\mathieu marc pobre\documents\github\gdphysx\gdphysx-setup\gdphysx-setup\x64\debug\bungee.obj
c:\users\mathieu marc pobre\documents\github\gdphysx\gdphysx-setup\gdphysx-setup\x64\debug\chain.obj
c:\users\mathieu marc pobre\documents\github\gdphysx\gdphysx-setup\gdphysx-setup\x64\debug\renderline.obj
c:\users\mathieu marc pobre\documents\github\gdphysx\gdphysx-setup\gdphysx-setup\x64\debug\cable.obj
c:\users\mathieu marc pobre\documents\github\gdphysx\gdphysx-setup\gdphysx-setup\x64\debug\gdphysx-setup.ilk
c:\users\mathieu marc pobre\documents\github\gdphysx\gdphysx-setup\x64\debug\gdphysx-setup.pdb
c:\users\mathieu marc pobre\documents\github\gdphysx\gdphysx-setup\x64\debug\gdphysx-setup.exe
c:\users\mathieu marc pobre\documents\github\gdphysx\gdphysx-setup\gdphysx-setup\x64\debug\gdphysx-setup.tlog\cl.command.1.tlog
c:\users\mathieu marc pobre\documents\github\gdphysx\gdphysx-setup\gdphysx-setup\x64\debug\gdphysx-setup.tlog\cl.items.tlog
c:\users\mathieu marc pobre\documents\github\gdphysx\gdphysx-setup\gdphysx-setup\x64\debug\gdphysx-setup.tlog\cl.read.1.tlog
c:\users\mathieu marc pobre\documents\github\gdphysx\gdphysx-setup\gdphysx-setup\x64\debug\gdphysx-setup.tlog\cl.write.1.tlog
c:\users\mathieu marc pobre\documents\github\gdphysx\gdphysx-setup\gdphysx-setup\x64\debug\gdphysx-setup.tlog\link.command.1.tlog
c:\users\mathieu marc pobre\documents\github\gdphysx\gdphysx-setup\gdphysx-setup\x64\debug\gdphysx-setup.tlog\link.read.1.tlog
c:\users\mathieu marc pobre\documents\github\gdphysx\gdphysx-setup\gdphysx-setup\x64\debug\gdphysx-setup.tlog\link.write.1.tlog
